20231026 16:02:03 DEBUG [main] opc.ZipPackage ZipPackage.java542 - Save core properties part
20231026 16:02:03 DEBUG [main] opc.ZipPackage ZipPackage.java562 - Save content types part
20231026 16:02:04 DEBUG [main] opc.ZipPackage ZipPackage.java566 - Save package relationships
20231026 16:02:04 DEBUG [main] opc.ZipPackage ZipPackage.java580 - Save part 'docProps/app.xml'
20231026 16:02:04 DEBUG [main] opc.ZipPackage ZipPackage.java580 - Save part 'docProps/core.xml'
20231026 16:02:04 DEBUG [main] opc.ZipPackage ZipPackage.java580 - Save part 'xl/sharedStrings.xml'
20231026 16:02:04 DEBUG [main] opc.ZipPackage ZipPackage.java580 - Save part 'xl/styles.xml'
20231026 16:02:04 DEBUG [main] opc.ZipPackage ZipPackage.java580 - Save part 'xl/workbook.xml'
20231026 16:02:04 DEBUG [main] opc.ZipPackage ZipPackage.java580 - Save part 'xl/worksheets/sheet1.xml'
20231026 16:02:04 DEBUG [main] opc.ZipPackage ZipPackage.java562 - Save content types part
20231026 16:02:04 DEBUG [main] opc.ZipPackage ZipPackage.java566 - Save package relationships
20231026 16:02:04 DEBUG [main] opc.ZipPackage ZipPackage.java580 - Save part 'docProps/app.xml'
20231026 16:02:04 DEBUG [main] opc.ZipPackage ZipPackage.java580 - Save part 'docProps/core.xml'
20231026 16:02:04 DEBUG [main] opc.ZipPackage ZipPackage.java580 - Save part 'xl/sharedStrings.xml'
20231026 16:02:04 DEBUG [main] opc.ZipPackage ZipPackage.java580 - Save part 'xl/styles.xml'
20231026 16:02:04 DEBUG [main] opc.ZipPackage ZipPackage.java580 - Save part 'xl/workbook.xml'
20231026 16:02:04 DEBUG [main] opc.ZipPackage ZipPackage.java580 - Save part 'xl/worksheets/sheet1.xml'
20231026 16:41:15 DEBUG [main] opc.ZipPackage ZipPackage.java542 - Save core properties part
20231026 16:41:15 DEBUG [main] opc.ZipPackage ZipPackage.java562 - Save content types part
20231026 16:41:15 DEBUG [main] opc.ZipPackage ZipPackage.java566 - Save package relationships
20231026 16:41:15 DEBUG [main] opc.ZipPackage ZipPackage.java580 - Save part 'docProps/app.xml'
20231026 16:41:15 DEBUG [main] opc.ZipPackage ZipPackage.java580 - Save part 'docProps/core.xml'
20231026 16:41:15 DEBUG [main] opc.ZipPackage ZipPackage.java580 - Save part 'xl/sharedStrings.xml'
20231026 16:41:15 DEBUG [main] opc.ZipPackage ZipPackage.java580 - Save part 'xl/styles.xml'
20231026 16:41:15 DEBUG [main] opc.ZipPackage ZipPackage.java580 - Save part 'xl/workbook.xml'
20231026 16:41:15 DEBUG [main] opc.ZipPackage ZipPackage.java580 - Save part 'xl/worksheets/sheet1.xml'
20231026 16:50:27 DEBUG [main] opc.ZipPackage ZipPackage.java542 - Save core properties part
20231026 16:50:27 DEBUG [main] opc.ZipPackage ZipPackage.java562 - Save content types part
20231026 16:50:27 DEBUG [main] opc.ZipPackage ZipPackage.java566 - Save package relationships
20231026 16:50:27 DEBUG [main] opc.ZipPackage ZipPackage.java580 - Save part 'docProps/app.xml'
20231026 16:50:27 DEBUG [main] opc.ZipPackage ZipPackage.java580 - Save part 'docProps/core.xml'
20231026 16:50:27 DEBUG [main] opc.ZipPackage ZipPackage.java580 - Save part 'xl/sharedStrings.xml'
20231026 16:50:27 DEBUG [main] opc.ZipPackage ZipPackage.java580 - Save part 'xl/styles.xml'
20231026 16:50:27 DEBUG [main] opc.ZipPackage ZipPackage.java580 - Save part 'xl/workbook.xml'
20231026 16:50:27 DEBUG [main] opc.ZipPackage ZipPackage.java580 - Save part 'xl/worksheets/sheet1.xml'
20231026 17:08:52 DEBUG [main] opc.ZipPackage ZipPackage.java542 - Save core properties part
20231026 17:08:52 DEBUG [main] opc.ZipPackage ZipPackage.java562 - Save content types part
20231026 17:08:53 DEBUG [main] opc.ZipPackage ZipPackage.java566 - Save package relationships
20231026 17:08:53 DEBUG [main] opc.ZipPackage ZipPackage.java580 - Save part 'docProps/app.xml'
20231026 17:08:53 DEBUG [main] opc.ZipPackage ZipPackage.java580 - Save part 'docProps/core.xml'
20231026 17:08:53 DEBUG [main] opc.ZipPackage ZipPackage.java580 - Save part 'xl/sharedStrings.xml'
20231026 17:08:53 DEBUG [main] opc.ZipPackage ZipPackage.java580 - Save part 'xl/styles.xml'
20231026 17:08:53 DEBUG [main] opc.ZipPackage ZipPackage.java580 - Save part 'xl/workbook.xml'
20231026 17:08:53 DEBUG [main] opc.ZipPackage ZipPackage.java580 - Save part 'xl/worksheets/sheet1.xml'
20231026 17:15:35 DEBUG [main] opc.ZipPackage ZipPackage.java542 - Save core properties part
20231026 17:15:35 DEBUG [main] opc.ZipPackage ZipPackage.java562 - Save content types part
20231026 17:15:35 DEBUG [main] opc.ZipPackage ZipPackage.java566 - Save package relationships
20231026 17:15:35 DEBUG [main] opc.ZipPackage ZipPackage.java580 - Save part 'docProps/app.xml'
20231026 17:15:35 DEBUG [main] opc.ZipPackage ZipPackage.java580 - Save part 'docProps/core.xml'
20231026 17:15:36 DEBUG [main] opc.ZipPackage ZipPackage.java580 - Save part 'xl/sharedStrings.xml'
20231026 17:15:36 DEBUG [main] opc.ZipPackage ZipPackage.java580 - Save part 'xl/styles.xml'
20231026 17:15:36 DEBUG [main] opc.ZipPackage ZipPackage.java580 - Save part 'xl/workbook.xml'
20231026 17:15:36 DEBUG [main] opc.ZipPackage ZipPackage.java580 - Save part 'xl/worksheets/sheet1.xml'
20231026 17:42:40 DEBUG [main] opc.ZipPackage ZipPackage.java542 - Save core properties part
20231026 17:42:40 DEBUG [main] opc.ZipPackage ZipPackage.java562 - Save content types part
20231026 17:42:40 DEBUG [main] opc.ZipPackage ZipPackage.java566 - Save package relationships
20231026 17:42:40 DEBUG [main] opc.ZipPackage ZipPackage.java580 - Save part 'docProps/app.xml'
20231026 17:42:40 DEBUG [main] opc.ZipPackage ZipPackage.java580 - Save part 'docProps/core.xml'
20231026 17:42:40 DEBUG [main] opc.ZipPackage ZipPackage.java580 - Save part 'xl/sharedStrings.xml'
20231026 17:42:40 DEBUG [main] opc.ZipPackage ZipPackage.java580 - Save part 'xl/styles.xml'
20231026 17:42:40 DEBUG [main] opc.ZipPackage ZipPackage.java580 - Save part 'xl/workbook.xml'
20231026 17:42:40 DEBUG [main] opc.ZipPackage ZipPackage.java580 - Save part 'xl/worksheets/sheet1.xml'
20231026 17:42:40 DEBUG [main] opc.ZipPackage ZipPackage.java580 - Save part 'xl/worksheets/sheet2.xml'
20231026 18:12:16 DEBUG [main] opc.ZipPackage ZipPackage.java542 - Save core properties part
20231026 18:12:16 DEBUG [main] opc.ZipPackage ZipPackage.java562 - Save content types part
20231026 18:12:16 DEBUG [main] opc.ZipPackage ZipPackage.java566 - Save package relationships
20231026 18:12:16 DEBUG [main] opc.ZipPackage ZipPackage.java580 - Save part 'docProps/app.xml'
20231026 18:12:16 DEBUG [main] opc.ZipPackage ZipPackage.java580 - Save part 'docProps/core.xml'
20231026 18:12:16 DEBUG [main] opc.ZipPackage ZipPackage.java580 - Save part 'xl/sharedStrings.xml'
20231026 18:12:16 DEBUG [main] opc.ZipPackage ZipPackage.java580 - Save part 'xl/styles.xml'
20231026 18:12:16 DEBUG [main] opc.ZipPackage ZipPackage.java580 - Save part 'xl/workbook.xml'
20231026 18:12:16 DEBUG [main] opc.ZipPackage ZipPackage.java580 - Save part 'xl/worksheets/sheet1.xml'
20231026 18:13:17 DEBUG [main] opc.ZipPackage ZipPackage.java542 - Save core properties part
20231026 18:13:17 DEBUG [main] opc.ZipPackage ZipPackage.java562 - Save content types part
20231026 18:13:17 DEBUG [main] opc.ZipPackage ZipPackage.java566 - Save package relationships
20231026 18:13:17 DEBUG [main] opc.ZipPackage ZipPackage.java580 - Save part 'docProps/app.xml'
20231026 18:13:17 DEBUG [main] opc.ZipPackage ZipPackage.java580 - Save part 'docProps/core.xml'
20231026 18:13:17 DEBUG [main] opc.ZipPackage ZipPackage.java580 - Save part 'xl/sharedStrings.xml'
20231026 18:13:17 DEBUG [main] opc.ZipPackage ZipPackage.java580 - Save part 'xl/styles.xml'
20231026 18:13:17 DEBUG [main] opc.ZipPackage ZipPackage.java580 - Save part 'xl/workbook.xml'
20231026 18:13:17 DEBUG [main] opc.ZipPackage ZipPackage.java580 - Save part 'xl/worksheets/sheet1.xml'
20231026 18:14:49 DEBUG [main] opc.ZipPackage ZipPackage.java542 - Save core properties part
20231026 18:14:49 DEBUG [main] opc.ZipPackage ZipPackage.java562 - Save content types part
20231026 18:14:49 DEBUG [main] opc.ZipPackage ZipPackage.java566 - Save package relationships
20231026 18:14:49 DEBUG [main] opc.ZipPackage ZipPackage.java580 - Save part 'docProps/app.xml'
20231026 18:14:49 DEBUG [main] opc.ZipPackage ZipPackage.java580 - Save part 'docProps/core.xml'
20231026 18:14:49 DEBUG [main] opc.ZipPackage ZipPackage.java580 - Save part 'xl/sharedStrings.xml'
20231026 18:14:49 DEBUG [main] opc.ZipPackage ZipPackage.java580 - Save part 'xl/styles.xml'
20231026 18:14:49 DEBUG [main] opc.ZipPackage ZipPackage.java580 - Save part 'xl/workbook.xml'
20231026 18:14:49 DEBUG [main] opc.ZipPackage ZipPackage.java580 - Save part 'xl/worksheets/sheet1.xml'
20231026 18:20:06 DEBUG [main] opc.ZipPackage ZipPackage.java542 - Save core properties part
20231026 18:20:06 DEBUG [main] opc.ZipPackage ZipPackage.java562 - Save content types part
20231026 18:20:07 DEBUG [main] opc.ZipPackage ZipPackage.java566 - Save package relationships
20231026 18:20:07 DEBUG [main] opc.ZipPackage ZipPackage.java580 - Save part 'docProps/app.xml'
20231026 18:20:07 DEBUG [main] opc.ZipPackage ZipPackage.java580 - Save part 'docProps/core.xml'
20231026 18:20:07 DEBUG [main] opc.ZipPackage ZipPackage.java580 - Save part 'xl/sharedStrings.xml'
20231026 18:20:07 DEBUG [main] opc.ZipPackage ZipPackage.java580 - Save part 'xl/styles.xml'
20231026 18:20:07 DEBUG [main] opc.ZipPackage ZipPackage.java580 - Save part 'xl/workbook.xml'
20231026 18:20:07 DEBUG [main] opc.ZipPackage ZipPackage.java580 - Save part 'xl/worksheets/sheet1.xml'
20231026 18:22:20 DEBUG [main] opc.ZipPackage ZipPackage.java542 - Save core properties part
20231026 18:22:20 DEBUG [main] opc.ZipPackage ZipPackage.java562 - Save content types part
20231026 18:22:20 DEBUG [main] opc.ZipPackage ZipPackage.java566 - Save package relationships
20231026 18:22:20 DEBUG [main] opc.ZipPackage ZipPackage.java580 - Save part 'docProps/app.xml'
20231026 18:22:20 DEBUG [main] opc.ZipPackage ZipPackage.java580 - Save part 'docProps/core.xml'
20231026 18:22:20 DEBUG [main] opc.ZipPackage ZipPackage.java580 - Save part 'xl/sharedStrings.xml'
20231026 18:22:20 DEBUG [main] opc.ZipPackage ZipPackage.java580 - Save part 'xl/styles.xml'
20231026 18:22:20 DEBUG [main] opc.ZipPackage ZipPackage.java580 - Save part 'xl/workbook.xml'
20231026 18:22:20 DEBUG [main] opc.ZipPackage ZipPackage.java580 - Save part 'xl/worksheets/sheet1.xml'
20231026 18:32:17 DEBUG [main] opc.ZipPackage ZipPackage.java542 - Save core properties part
20231026 18:32:17 DEBUG [main] opc.ZipPackage ZipPackage.java562 - Save content types part
20231026 18:32:17 DEBUG [main] opc.ZipPackage ZipPackage.java566 - Save package relationships
20231026 18:32:17 DEBUG [main] opc.ZipPackage ZipPackage.java580 - Save part 'docProps/app.xml'
20231026 18:32:17 DEBUG [main] opc.ZipPackage ZipPackage.java580 - Save part 'docProps/core.xml'
20231026 18:32:17 DEBUG [main] opc.ZipPackage ZipPackage.java580 - Save part 'xl/sharedStrings.xml'
20231026 18:32:17 DEBUG [main] opc.ZipPackage ZipPackage.java580 - Save part 'xl/styles.xml'
20231026 18:32:17 DEBUG [main] opc.ZipPackage ZipPackage.java580 - Save part 'xl/workbook.xml'
20231026 18:32:17 DEBUG [main] opc.ZipPackage ZipPackage.java580 - Save part 'xl/worksheets/sheet1.xml'
20231026 18:32:17 DEBUG [main] opc.ZipPackage ZipPackage.java580 - Save part 'xl/worksheets/sheet2.xml'
